#-----------------------------------------------------------
# PlanAhead v14.7 (64-bit)
# Build 321239 by xbuild on Fri Sep 27 19:29:51 MDT 2013
# Start of session at: Thu Mar 30 21:18:17 2017
# Process ID: 832
# Log file: C:/Users/jairo-mm/OneDrive/Documentos/TallerDeDigitales/ascensor/planAhead_run_1/planAhead.log
# Journal file: C:/Users/jairo-mm/OneDrive/Documentos/TallerDeDigitales/ascensor/planAhead_run_1/planAhead.jou
#-----------------------------------------------------------
INFO: [Common 17-78] Attempting to get a license: PlanAhead
INFO: [Common 17-290] Got license for PlanAhead
INFO: [Device 21-36] Loading parts and site information from C:/Xilinx/14.7/ISE_DS/PlanAhead/data/parts/arch.xml
Parsing RTL primitives file [C:/Xilinx/14.7/ISE_DS/PlanAhead/data/parts/xilinx/rtl/prims/rtl_prims.xml]
Finished parsing RTL primitives file [C:/Xilinx/14.7/ISE_DS/PlanAhead/data/parts/xilinx/rtl/prims/rtl_prims.xml]
start_gui
source C:/Users/jairo-mm/OneDrive/Documentos/TallerDeDigitales/ascensor/pa.fromHdl.tcl
# create_project -name ascensor -dir "C:/Users/jairo-mm/OneDrive/Documentos/TallerDeDigitales/ascensor/planAhead_run_1" -part xc6slx16csg324-2
create_project: Time (s): elapsed = 00:00:06 . Memory (MB): peak = 406.883 ; gain = 57.324
# set_param project.pinAheadLayout yes
# set srcset [get_property srcset [current_run -impl]]
# set_property target_constrs_file "maquina_programada.ucf" [current_fileset -constrset]
Adding file 'C:/Users/jairo-mm/OneDrive/Documentos/TallerDeDigitales/ascensor/maquina_programada.ucf' to fileset 'constrs_1'
# set hdlfile [add_files [list {maquina_programada.v}]]
# set_property file_type Verilog $hdlfile
# set_property library work $hdlfile
# set_property top maquina_programada $srcset
# add_files [list {maquina_programada.ucf}] -fileset [get_property constrset [current_run]]
# open_rtl_design -part xc6slx16csg324-2
Using Verific elaboration
Parsing VHDL file "C:/Xilinx/14.7/ISE_DS/PlanAhead/data/parts/xilinx/rtl/lib/synplify/synattr.vhd" into library synplify
Analyzing Verilog file "C:/Users/jairo-mm/OneDrive/Documentos/TallerDeDigitales/ascensor/maquina_programada.v" into library work
Loading clock regions from C:/Xilinx/14.7/ISE_DS/PlanAhead/data\parts/xilinx/spartan6/spartan6lx/xc6slx16/ClockRegion.xml
Loading clock buffers from C:/Xilinx/14.7/ISE_DS/PlanAhead/data\parts/xilinx/spartan6/spartan6lx/xc6slx16/ClockBuffers.xml
Loading package pin functions from C:/Xilinx/14.7/ISE_DS/PlanAhead/data\parts/xilinx/spartan6/PinFunctions.xml...
Loading package from C:/Xilinx/14.7/ISE_DS/PlanAhead/data\parts/xilinx/spartan6/spartan6lx/xc6slx16/csg324/Package.xml
Loading io standards from C:/Xilinx/14.7/ISE_DS/PlanAhead/data\./parts/xilinx/spartan6/IOStandards.xml
Loading device configuration modes from C:/Xilinx/14.7/ISE_DS/PlanAhead/data\parts/xilinx/spartan6/ConfigModes.xml
Loading list of drcs for the architecture : C:/Xilinx/14.7/ISE_DS/PlanAhead/data\./parts/xilinx/spartan6/drc.xml
Parsing UCF File [C:/Users/jairo-mm/OneDrive/Documentos/TallerDeDigitales/ascensor/maquina_programada.ucf]
Finished Parsing UCF File [C:/Users/jairo-mm/OneDrive/Documentos/TallerDeDigitales/ascensor/maquina_programada.ucf]
INFO: [Project 1-111] Unisim Transformation Summary:
No Unisim elements were transformed.

Phase 0 | Netlist Checksum: 212f0c93
open_rtl_design: Time (s): elapsed = 00:00:19 . Memory (MB): peak = 622.738 ; gain = 210.270
update_compile_order -fileset sim_1
set_property iostandard LVCMOS33 [get_ports [list clk]]
set_property iostandard LVCMOS33 [get_ports [list in1]]
set_property iostandard LVCMOS33 [get_ports [list state2]]
set_property iostandard LVCMOS33 [get_ports [list out2]]
set_property iostandard LVCMOS33 [get_ports [list out1]]
set_property iostandard LVCMOS33 [get_ports [list in2]]
set_property iostandard LVCMOS33 [get_ports [list rst]]
save_constraints
set_property iostandard LVCMOS33 [get_ports [list state1]]
save_constraints
