Command line:
   maquina_programada_isim_beh.exe
     -simmode  gui
     -simrunnum  0
     -socket  50561

Thu Mar 30 11:01:50 2017


 Elaboration Time: 0.046875 sec

 Current Memory Usage: 845.734 Meg

 Total Signals          : 17
 Total Nets             : 21
 Total Signal Drivers   : 9
 Total Blocks           : 2
 Total Primitive Blocks : 2
 Total Processes        : 12
 Total Traceable Variables  : 23
 Total Scalar Nets and Variables : 107
Total Line Count : 162

 Total Simulation Time: 0.0625 sec

 Current Memory Usage: 845.734 Meg

Thu Mar 30 11:01:56 2017

